Added Component: Designator=C18(capacitor 0603)
Add component (AddParameter): Name = "Manufacturer 1"; Value = ""; VariantName = "[No Variations]"
Add component (AddParameter): Name = "Manufacturer Part Number 1"; Value = ""; VariantName = "[No Variations]"
Add component (AddParameter): Name = "Supplier 1"; Value = ""; VariantName = "[No Variations]"
Add component (AddParameter): Name = "Supplier Part Number 1"; Value = ""; VariantName = "[No Variations]"
Add component (AddParameter): Name = "Value"; Value = "100uF"; VariantName = "[No Variations]"
Added Component: Designator=C19(capacitor 0603)
Add component (AddParameter): Name = "Manufacturer 1"; Value = ""; VariantName = "[No Variations]"
Add component (AddParameter): Name = "Manufacturer Part Number 1"; Value = ""; VariantName = "[No Variations]"
Add component (AddParameter): Name = "Supplier 1"; Value = ""; VariantName = "[No Variations]"
Add component (AddParameter): Name = "Supplier Part Number 1"; Value = ""; VariantName = "[No Variations]"
Add component (AddParameter): Name = "Value"; Value = "100uF"; VariantName = "[No Variations]"
Added Component: Designator=C20(capacitor 0603)
Add component (AddParameter): Name = "Manufacturer 1"; Value = ""; VariantName = "[No Variations]"
Add component (AddParameter): Name = "Manufacturer Part Number 1"; Value = ""; VariantName = "[No Variations]"
Add component (AddParameter): Name = "Supplier 1"; Value = ""; VariantName = "[No Variations]"
Add component (AddParameter): Name = "Supplier Part Number 1"; Value = ""; VariantName = "[No Variations]"
Add component (AddParameter): Name = "Value"; Value = "1uF"; VariantName = "[No Variations]"
Added Component: Designator=U8(MC14504BDTR2G)
Add component (AddParameter): Name = "Link"; Value = "https://www.digikey.no/en/products/detail/onsemi/MC14504BDTR2G/1478864"; VariantName = "[No Variations]"
Add component (AddParameter): Name = "Manufacturer 1"; Value = ""; VariantName = "[No Variations]"
Add component (AddParameter): Name = "Manufacturer Part Number 1"; Value = ""; VariantName = "[No Variations]"
Add component (AddParameter): Name = "Supplier 1"; Value = ""; VariantName = "[No Variations]"
Add component (AddParameter): Name = "Supplier Part Number 1"; Value = ""; VariantName = "[No Variations]"
Added Pin To Net: NetName=GND Pin=C18-1
Added Pin To Net: NetName=12V Pin=C18-2
Added Pin To Net: NetName=GND Pin=C19-1
Added Pin To Net: NetName=3V3 Pin=C19-2
Added Pin To Net: NetName=GND Pin=C20-1
Added Pin To Net: NetName=12V Pin=C20-2
Added Pin To Net: NetName=shutdown Pin=U1-29
Added Pin To Net: NetName=3V3 Pin=U8-1
Added Pin To Net: NetName=GND Pin=U8-8
Added Pin To Net: NetName=3V3 Pin=U8-13
Added Pin To Net: NetName=12V Pin=U8-16
Change Net Name : Old Net Name=RXD0 New Net Name=RXD
Change Net Name : Old Net Name=RXD New Net Name=NetR7_2
Change Net Name : Old Net Name=TXD0 New Net Name=TXD
Change Net Name : Old Net Name=TXD New Net Name=NetR6_2
Added Member To Class: ClassName=schematic Member=Component C18 passive_5
Added Member To Class: ClassName=schematic Member=Component C19 passive_5
Added Member To Class: ClassName=schematic Member=Component C20 passive_5
Added Member To Class: ClassName=schematic Member=Component R6 passive_2
Added Member To Class: ClassName=schematic Member=Component R7 passive_2
Added Member To Class: ClassName=schematic Member=Component U8 MC14504BDTR2G
