Removed Pin From Net: NetName=180V Pin=L1-2
Removed Pin From Net: NetName=180V Pin=Q1-2
Added Component: Designator=C?(capacitor 0603)
Add component (AddParameter): Name = "Manufacturer 1"; Value = ""; VariantName = "[No Variations]"
Add component (AddParameter): Name = "Manufacturer Part Number 1"; Value = ""; VariantName = "[No Variations]"
Add component (AddParameter): Name = "Supplier 1"; Value = ""; VariantName = "[No Variations]"
Add component (AddParameter): Name = "Supplier Part Number 1"; Value = ""; VariantName = "[No Variations]"
Add component (AddParameter): Name = "Value"; Value = "100nF"; VariantName = "[No Variations]"
Added Component: Designator=C?(capacitor 0603)
Add component (AddParameter): Name = "Manufacturer 1"; Value = ""; VariantName = "[No Variations]"
Add component (AddParameter): Name = "Manufacturer Part Number 1"; Value = ""; VariantName = "[No Variations]"
Add component (AddParameter): Name = "Supplier 1"; Value = ""; VariantName = "[No Variations]"
Add component (AddParameter): Name = "Supplier Part Number 1"; Value = ""; VariantName = "[No Variations]"
Add component (AddParameter): Name = "Value"; Value = "1uF"; VariantName = "[No Variations]"
Added Component: Designator=D?(LED 0603 red)
Add component (AddParameter): Name = "Manufacturer 1"; Value = ""; VariantName = "[No Variations]"
Add component (AddParameter): Name = "Manufacturer Part Number 1"; Value = ""; VariantName = "[No Variations]"
Add component (AddParameter): Name = "Supplier 1"; Value = ""; VariantName = "[No Variations]"
Add component (AddParameter): Name = "Supplier Part Number 1"; Value = ""; VariantName = "[No Variations]"
Added Component: Designator=TP_?(testpoint round, diameter 1.5mm)
Add component (AddParameter): Name = "Manufacturer 1"; Value = ""; VariantName = "[No Variations]"
Add component (AddParameter): Name = "Manufacturer Part Number 1"; Value = ""; VariantName = "[No Variations]"
Add component (AddParameter): Name = "Supplier 1"; Value = ""; VariantName = "[No Variations]"
Add component (AddParameter): Name = "Supplier Part Number 1"; Value = ""; VariantName = "[No Variations]"
Added Component: Designator=U?(TCR2EF33,LM(CT)
Add component (AddParameter): Name = "Current"; Value = "200mA"; VariantName = "[No Variations]"
Add component (AddParameter): Name = "Dropout"; Value = "0.2V"; VariantName = "[No Variations]"
Add component (AddParameter): Name = "Link"; Value = "https://www.digikey.no/product-detail/en/toshiba-semiconductor-and-storage/TCR2EF33-LM-CT/TCR2EF33LM-CTCT-ND/4503328"; VariantName = "[No Variations]"
Add component (AddParameter): Name = "Manufacturer 1"; Value = "Toshiba Semiconductor and Storage"; VariantName = "[No Variations]"
Add component (AddParameter): Name = "Manufacturer Part Number 1"; Value = "TCR2EF33,LM(CT"; VariantName = "[No Variations]"
Add component (AddParameter): Name = "Output voltage"; Value = "3.3V"; VariantName = "[No Variations]"
Add component (AddParameter): Name = "Supplier 1"; Value = "Digi-Key"; VariantName = "[No Variations]"
Add component (AddParameter): Name = "Supplier Part Number 1"; Value = "TCR2EF33LM(CTCT-ND"; VariantName = "[No Variations]"
Added Pin To Net: NetName=GND Pin=C?-1
Added Pin To Net: NetName=GND Pin=C?-1
Added Pin To Net: NetName=5V Pin=C?-2
Added Pin To Net: NetName=12V Pin=C?-2
Added Pin To Net: NetName=180V Pin=D?-2
Added Pin To Net: NetName=12V Pin=TP_?-1
Added Pin To Net: NetName=12V Pin=U?-1
Added Pin To Net: NetName=GND Pin=U?-2
Added Pin To Net: NetName=12V Pin=U?-3
Added Pin To Net: NetName=5V Pin=U?-5
Added Pin To Net: NetName=NetD?_1 Pin=D?-1
Added Pin To Net: NetName=NetD?_1 Pin=L1-2
Added Pin To Net: NetName=NetD?_1 Pin=Q1-2
Added Net: Name=NetD?_1
Added Member To Class: ClassName=schematic Member=Component C? passive_5
Added Member To Class: ClassName=schematic Member=Component C? passive_5
Added Member To Class: ClassName=schematic Member=Component D? LED Red
Added Member To Class: ClassName=schematic Member=Component J1 Header 2mm
Added Member To Class: ClassName=schematic Member=Component J2 Header 2mm
Added Member To Class: ClassName=schematic Member=Component J3 Header 2mm
Added Member To Class: ClassName=schematic Member=Component J4 Header 2mm
Added Member To Class: ClassName=schematic Member=Component J5 Header 2mm
Added Member To Class: ClassName=schematic Member=Component TP_? misc_3
Added Member To Class: ClassName=schematic Member=Component U? regulator_1
