Change Component Footprint: Designator=U2 Old Footprint=ESP32-WROOM-32 New Footprint=FT231XQ-R
Change Component Comment : Designator=U2 Old Comment=cpu_7 New Comment=FTDI
Change component parameters: Designator = "U2" ("U2"); Footprint = "ESP32-WROOM-32"; UniqueID = "\LBVFVALR" ("\LBVFVALR")
Change component parameters (AddParameter): Name = "Manufacturer 1"; Value = "FTDI, Future Technology Devices International Ltd"; VariantName = "[No Variations]"
Change component parameters (AddParameter): Name = "Manufacturer Part Number 1"; Value = "FT231XQ-R"; VariantName = "[No Variations]"
Change component parameters (AddParameter): Name = "Supplier 1"; Value = "Digi-Key"; VariantName = "[No Variations]"
Change component parameters (AddParameter): Name = "Supplier Part Number 1"; Value = "768-1128-1-ND"; VariantName = "[No Variations]"
Added Component: Designator=C1(capacitor 0603)
Add component (AddParameter): Name = "Manufacturer 1"; Value = ""; VariantName = "[No Variations]"
Add component (AddParameter): Name = "Manufacturer Part Number 1"; Value = ""; VariantName = "[No Variations]"
Add component (AddParameter): Name = "Supplier 1"; Value = ""; VariantName = "[No Variations]"
Add component (AddParameter): Name = "Supplier Part Number 1"; Value = ""; VariantName = "[No Variations]"
Add component (AddParameter): Name = "Value"; Value = "100uF"; VariantName = "[No Variations]"
Added Component: Designator=C2(capacitor 0603)
Add component (AddParameter): Name = "Manufacturer 1"; Value = ""; VariantName = "[No Variations]"
Add component (AddParameter): Name = "Manufacturer Part Number 1"; Value = ""; VariantName = "[No Variations]"
Add component (AddParameter): Name = "Supplier 1"; Value = ""; VariantName = "[No Variations]"
Add component (AddParameter): Name = "Supplier Part Number 1"; Value = ""; VariantName = "[No Variations]"
Add component (AddParameter): Name = "Value"; Value = "1uF"; VariantName = "[No Variations]"
Added Component: Designator=C3(capacitor 0603)
Add component (AddParameter): Name = "Manufacturer 1"; Value = ""; VariantName = "[No Variations]"
Add component (AddParameter): Name = "Manufacturer Part Number 1"; Value = ""; VariantName = "[No Variations]"
Add component (AddParameter): Name = "Supplier 1"; Value = ""; VariantName = "[No Variations]"
Add component (AddParameter): Name = "Supplier Part Number 1"; Value = ""; VariantName = "[No Variations]"
Add component (AddParameter): Name = "Value"; Value = "1nF"; VariantName = "[No Variations]"
Added Component: Designator=C4(capacitor 0603)
Add component (AddParameter): Name = "Manufacturer 1"; Value = ""; VariantName = "[No Variations]"
Add component (AddParameter): Name = "Manufacturer Part Number 1"; Value = ""; VariantName = "[No Variations]"
Add component (AddParameter): Name = "Supplier 1"; Value = ""; VariantName = "[No Variations]"
Add component (AddParameter): Name = "Supplier Part Number 1"; Value = ""; VariantName = "[No Variations]"
Add component (AddParameter): Name = "Value"; Value = "1nF"; VariantName = "[No Variations]"
Added Component: Designator=C5(capacitor 0603)
Add component (AddParameter): Name = "Manufacturer 1"; Value = ""; VariantName = "[No Variations]"
Add component (AddParameter): Name = "Manufacturer Part Number 1"; Value = ""; VariantName = "[No Variations]"
Add component (AddParameter): Name = "Supplier 1"; Value = ""; VariantName = "[No Variations]"
Add component (AddParameter): Name = "Supplier Part Number 1"; Value = ""; VariantName = "[No Variations]"
Add component (AddParameter): Name = "Value"; Value = "1nF"; VariantName = "[No Variations]"
Added Component: Designator=C6(capacitor 0603)
Add component (AddParameter): Name = "Manufacturer 1"; Value = ""; VariantName = "[No Variations]"
Add component (AddParameter): Name = "Manufacturer Part Number 1"; Value = ""; VariantName = "[No Variations]"
Add component (AddParameter): Name = "Supplier 1"; Value = ""; VariantName = "[No Variations]"
Add component (AddParameter): Name = "Supplier Part Number 1"; Value = ""; VariantName = "[No Variations]"
Add component (AddParameter): Name = "Value"; Value = "4.7uF"; VariantName = "[No Variations]"
Added Component: Designator=C7(capacitor 0603)
Add component (AddParameter): Name = "Manufacturer 1"; Value = ""; VariantName = "[No Variations]"
Add component (AddParameter): Name = "Manufacturer Part Number 1"; Value = ""; VariantName = "[No Variations]"
Add component (AddParameter): Name = "Supplier 1"; Value = ""; VariantName = "[No Variations]"
Add component (AddParameter): Name = "Supplier Part Number 1"; Value = ""; VariantName = "[No Variations]"
Add component (AddParameter): Name = "Value"; Value = "100nF"; VariantName = "[No Variations]"
Added Component: Designator=C8(capacitor 0603)
Add component (AddParameter): Name = "Manufacturer 1"; Value = ""; VariantName = "[No Variations]"
Add component (AddParameter): Name = "Manufacturer Part Number 1"; Value = ""; VariantName = "[No Variations]"
Add component (AddParameter): Name = "Supplier 1"; Value = ""; VariantName = "[No Variations]"
Add component (AddParameter): Name = "Supplier Part Number 1"; Value = ""; VariantName = "[No Variations]"
Add component (AddParameter): Name = "Value"; Value = "100nF"; VariantName = "[No Variations]"
Added Component: Designator=C9(capacitor 0603)
Add component (AddParameter): Name = "Manufacturer 1"; Value = ""; VariantName = "[No Variations]"
Add component (AddParameter): Name = "Manufacturer Part Number 1"; Value = ""; VariantName = "[No Variations]"
Add component (AddParameter): Name = "Supplier 1"; Value = ""; VariantName = "[No Variations]"
Add component (AddParameter): Name = "Supplier Part Number 1"; Value = ""; VariantName = "[No Variations]"
Add component (AddParameter): Name = "Value"; Value = "47pF"; VariantName = "[No Variations]"
Added Component: Designator=C10(capacitor 0603)
Add component (AddParameter): Name = "Manufacturer 1"; Value = ""; VariantName = "[No Variations]"
Add component (AddParameter): Name = "Manufacturer Part Number 1"; Value = ""; VariantName = "[No Variations]"
Add component (AddParameter): Name = "Supplier 1"; Value = ""; VariantName = "[No Variations]"
Add component (AddParameter): Name = "Supplier Part Number 1"; Value = ""; VariantName = "[No Variations]"
Add component (AddParameter): Name = "Value"; Value = "47pF"; VariantName = "[No Variations]"
Added Component: Designator=C11(capacitor 0603)
Add component (AddParameter): Name = "Manufacturer 1"; Value = ""; VariantName = "[No Variations]"
Add component (AddParameter): Name = "Manufacturer Part Number 1"; Value = ""; VariantName = "[No Variations]"
Add component (AddParameter): Name = "Supplier 1"; Value = ""; VariantName = "[No Variations]"
Add component (AddParameter): Name = "Supplier Part Number 1"; Value = ""; VariantName = "[No Variations]"
Add component (AddParameter): Name = "Value"; Value = "100nF"; VariantName = "[No Variations]"
Added Component: Designator=C12(capacitor 0603)
Add component (AddParameter): Name = "Manufacturer 1"; Value = ""; VariantName = "[No Variations]"
Add component (AddParameter): Name = "Manufacturer Part Number 1"; Value = ""; VariantName = "[No Variations]"
Add component (AddParameter): Name = "Supplier 1"; Value = ""; VariantName = "[No Variations]"
Add component (AddParameter): Name = "Supplier Part Number 1"; Value = ""; VariantName = "[No Variations]"
Add component (AddParameter): Name = "Value"; Value = "1uF"; VariantName = "[No Variations]"
Added Component: Designator=F1(ferrit bead 0603)
Add component (AddParameter): Name = "Manufacturer 1"; Value = ""; VariantName = "[No Variations]"
Add component (AddParameter): Name = "Manufacturer Part Number 1"; Value = ""; VariantName = "[No Variations]"
Add component (AddParameter): Name = "Supplier 1"; Value = ""; VariantName = "[No Variations]"
Add component (AddParameter): Name = "Supplier Part Number 1"; Value = ""; VariantName = "[No Variations]"
Add component (AddParameter): Name = "Value"; Value = "480O @ 100MHz"; VariantName = "[No Variations]"
Added Component: Designator=J1(USB4105-GF-A)
Add component (AddParameter): Name = "Link"; Value = "https://www.digikey.no/product-detail/no/gct/USB4105-GF-A/2073-USB4105-GF-ACT-ND/11198510"; VariantName = "[No Variations]"
Add component (AddParameter): Name = "Manufacturer 1"; Value = "GCT"; VariantName = "[No Variations]"
Add component (AddParameter): Name = "Manufacturer Part Number 1"; Value = "USB4105-GF-A"; VariantName = "[No Variations]"
Add component (AddParameter): Name = "Supplier 1"; Value = "Digi-Key"; VariantName = "[No Variations]"
Add component (AddParameter): Name = "Supplier Part Number 1"; Value = "2073-USB4105-GF-ACT-ND"; VariantName = "[No Variations]"
Added Component: Designator=Q1(S8050)
Added Component: Designator=Q2(S8050)
Added Component: Designator=R1(resistor 0603)
Add component (AddParameter): Name = "Manufacturer 1"; Value = ""; VariantName = "[No Variations]"
Add component (AddParameter): Name = "Manufacturer Part Number 1"; Value = ""; VariantName = "[No Variations]"
Add component (AddParameter): Name = "Supplier 1"; Value = ""; VariantName = "[No Variations]"
Add component (AddParameter): Name = "Supplier Part Number 1"; Value = ""; VariantName = "[No Variations]"
Add component (AddParameter): Name = "Value"; Value = "27R"; VariantName = "[No Variations]"
Added Component: Designator=R2(resistor 0603)
Add component (AddParameter): Name = "Manufacturer 1"; Value = ""; VariantName = "[No Variations]"
Add component (AddParameter): Name = "Manufacturer Part Number 1"; Value = ""; VariantName = "[No Variations]"
Add component (AddParameter): Name = "Supplier 1"; Value = ""; VariantName = "[No Variations]"
Add component (AddParameter): Name = "Supplier Part Number 1"; Value = ""; VariantName = "[No Variations]"
Add component (AddParameter): Name = "Value"; Value = "27R"; VariantName = "[No Variations]"
Added Component: Designator=R3(resistor 0603)
Add component (AddParameter): Name = "Manufacturer 1"; Value = ""; VariantName = "[No Variations]"
Add component (AddParameter): Name = "Manufacturer Part Number 1"; Value = ""; VariantName = "[No Variations]"
Add component (AddParameter): Name = "Supplier 1"; Value = ""; VariantName = "[No Variations]"
Add component (AddParameter): Name = "Supplier Part Number 1"; Value = ""; VariantName = "[No Variations]"
Add component (AddParameter): Name = "Value"; Value = "12K"; VariantName = "[No Variations]"
Added Component: Designator=R4(resistor 0603)
Add component (AddParameter): Name = "Manufacturer 1"; Value = ""; VariantName = "[No Variations]"
Add component (AddParameter): Name = "Manufacturer Part Number 1"; Value = ""; VariantName = "[No Variations]"
Add component (AddParameter): Name = "Supplier 1"; Value = ""; VariantName = "[No Variations]"
Add component (AddParameter): Name = "Supplier Part Number 1"; Value = ""; VariantName = "[No Variations]"
Add component (AddParameter): Name = "Value"; Value = "0R"; VariantName = "[No Variations]"
Added Component: Designator=R5(resistor 0603)
Add component (AddParameter): Name = "Manufacturer 1"; Value = ""; VariantName = "[No Variations]"
Add component (AddParameter): Name = "Manufacturer Part Number 1"; Value = ""; VariantName = "[No Variations]"
Add component (AddParameter): Name = "Supplier 1"; Value = ""; VariantName = "[No Variations]"
Add component (AddParameter): Name = "Supplier Part Number 1"; Value = ""; VariantName = "[No Variations]"
Add component (AddParameter): Name = "Value"; Value = "0R"; VariantName = "[No Variations]"
Added Component: Designator=R6(resistor 0603)
Add component (AddParameter): Name = "Manufacturer 1"; Value = ""; VariantName = "[No Variations]"
Add component (AddParameter): Name = "Manufacturer Part Number 1"; Value = ""; VariantName = "[No Variations]"
Add component (AddParameter): Name = "Supplier 1"; Value = ""; VariantName = "[No Variations]"
Add component (AddParameter): Name = "Supplier Part Number 1"; Value = ""; VariantName = "[No Variations]"
Add component (AddParameter): Name = "Value"; Value = "5.1R"; VariantName = "[No Variations]"
Added Component: Designator=R7(resistor 0603)
Add component (AddParameter): Name = "Manufacturer 1"; Value = ""; VariantName = "[No Variations]"
Add component (AddParameter): Name = "Manufacturer Part Number 1"; Value = ""; VariantName = "[No Variations]"
Add component (AddParameter): Name = "Supplier 1"; Value = ""; VariantName = "[No Variations]"
Add component (AddParameter): Name = "Supplier Part Number 1"; Value = ""; VariantName = "[No Variations]"
Add component (AddParameter): Name = "Value"; Value = "5.1R"; VariantName = "[No Variations]"
Added Component: Designator=R8(resistor 0603)
Add component (AddParameter): Name = "Manufacturer 1"; Value = ""; VariantName = "[No Variations]"
Add component (AddParameter): Name = "Manufacturer Part Number 1"; Value = ""; VariantName = "[No Variations]"
Add component (AddParameter): Name = "Supplier 1"; Value = ""; VariantName = "[No Variations]"
Add component (AddParameter): Name = "Supplier Part Number 1"; Value = ""; VariantName = "[No Variations]"
Add component (AddParameter): Name = "Value"; Value = "27R"; VariantName = "[No Variations]"
Added Component: Designator=R9(resistor 0603)
Add component (AddParameter): Name = "Manufacturer 1"; Value = ""; VariantName = "[No Variations]"
Add component (AddParameter): Name = "Manufacturer Part Number 1"; Value = ""; VariantName = "[No Variations]"
Add component (AddParameter): Name = "Supplier 1"; Value = ""; VariantName = "[No Variations]"
Add component (AddParameter): Name = "Supplier Part Number 1"; Value = ""; VariantName = "[No Variations]"
Add component (AddParameter): Name = "Value"; Value = "27R"; VariantName = "[No Variations]"
Added Component: Designator=R10(resistor 0603)
Add component (AddParameter): Name = "Manufacturer 1"; Value = ""; VariantName = "[No Variations]"
Add component (AddParameter): Name = "Manufacturer Part Number 1"; Value = ""; VariantName = "[No Variations]"
Add component (AddParameter): Name = "Supplier 1"; Value = ""; VariantName = "[No Variations]"
Add component (AddParameter): Name = "Supplier Part Number 1"; Value = ""; VariantName = "[No Variations]"
Add component (AddParameter): Name = "Value"; Value = "12K"; VariantName = "[No Variations]"
Added Component: Designator=R11(resistor 0603)
Add component (AddParameter): Name = "Manufacturer 1"; Value = ""; VariantName = "[No Variations]"
Add component (AddParameter): Name = "Manufacturer Part Number 1"; Value = ""; VariantName = "[No Variations]"
Add component (AddParameter): Name = "Supplier 1"; Value = ""; VariantName = "[No Variations]"
Add component (AddParameter): Name = "Supplier Part Number 1"; Value = ""; VariantName = "[No Variations]"
Add component (AddParameter): Name = "Value"; Value = "12K"; VariantName = "[No Variations]"
Added Component: Designator=SW1(KMR621NG LFS)
Add component (AddParameter): Name = "Link"; Value = "https://www.digikey.no/product-detail/en/c-k/KMR621NG-LFS/CKN10684CT-ND/6035356"; VariantName = "[No Variations]"
Add component (AddParameter): Name = "Manufacturer 1"; Value = "C&K"; VariantName = "[No Variations]"
Add component (AddParameter): Name = "Manufacturer Part Number 1"; Value = "KMR621NG LFS"; VariantName = "[No Variations]"
Add component (AddParameter): Name = "Supplier 1"; Value = "Digi-Key"; VariantName = "[No Variations]"
Add component (AddParameter): Name = "Supplier Part Number 1"; Value = "CKN10684CT-ND"; VariantName = "[No Variations]"
Added Component: Designator=SW2(KMR621NG LFS)
Add component (AddParameter): Name = "Link"; Value = "https://www.digikey.no/product-detail/en/c-k/KMR621NG-LFS/CKN10684CT-ND/6035356"; VariantName = "[No Variations]"
Add component (AddParameter): Name = "Manufacturer 1"; Value = "C&K"; VariantName = "[No Variations]"
Add component (AddParameter): Name = "Manufacturer Part Number 1"; Value = "KMR621NG LFS"; VariantName = "[No Variations]"
Add component (AddParameter): Name = "Supplier 1"; Value = "Digi-Key"; VariantName = "[No Variations]"
Add component (AddParameter): Name = "Supplier Part Number 1"; Value = "CKN10684CT-ND"; VariantName = "[No Variations]"
Added Component: Designator=TP_1(testpoint round, diameter 1.5mm)
Add component (AddParameter): Name = "Manufacturer 1"; Value = ""; VariantName = "[No Variations]"
Add component (AddParameter): Name = "Manufacturer Part Number 1"; Value = ""; VariantName = "[No Variations]"
Add component (AddParameter): Name = "Supplier 1"; Value = ""; VariantName = "[No Variations]"
Add component (AddParameter): Name = "Supplier Part Number 1"; Value = ""; VariantName = "[No Variations]"
Added Component: Designator=U1(ESP32-WROOM-32)
Add component (AddParameter): Name = "ComponentLink1Description"; Value = "New link"; VariantName = "[No Variations]"
Add component (AddParameter): Name = "ComponentLink1URL"; Value = "https://www.digikey.no/no/products/detail/espressif-systems/ESP32-WROOM-32E-H4/12696413"; VariantName = "[No Variations]"
Add component (AddParameter): Name = "Manufacturer 1"; Value = ""; VariantName = "[No Variations]"
Add component (AddParameter): Name = "Manufacturer Part Number 1"; Value = ""; VariantName = "[No Variations]"
Add component (AddParameter): Name = "Supplier 1"; Value = ""; VariantName = "[No Variations]"
Add component (AddParameter): Name = "Supplier Part Number 1"; Value = ""; VariantName = "[No Variations]"
Added Component: Designator=U3(TCR2EF33,LM(CT)
Add component (AddParameter): Name = "Current"; Value = "200mA"; VariantName = "[No Variations]"
Add component (AddParameter): Name = "Dropout"; Value = "0.2V"; VariantName = "[No Variations]"
Add component (AddParameter): Name = "Link"; Value = "https://www.digikey.no/product-detail/en/toshiba-semiconductor-and-storage/TCR2EF33-LM-CT/TCR2EF33LM-CTCT-ND/4503328"; VariantName = "[No Variations]"
Add component (AddParameter): Name = "Manufacturer 1"; Value = "Toshiba Semiconductor and Storage"; VariantName = "[No Variations]"
Add component (AddParameter): Name = "Manufacturer Part Number 1"; Value = "TCR2EF33,LM(CT"; VariantName = "[No Variations]"
Add component (AddParameter): Name = "Output voltage"; Value = "3.3V"; VariantName = "[No Variations]"
Add component (AddParameter): Name = "Supplier 1"; Value = "Digi-Key"; VariantName = "[No Variations]"
Add component (AddParameter): Name = "Supplier Part Number 1"; Value = "TCR2EF33LM(CTCT-ND"; VariantName = "[No Variations]"
Added Pin To Net: NetName=3V3 Pin=C1-2
Added Pin To Net: NetName=3V3 Pin=C2-2
Added Pin To Net: NetName=3V3 Pin=C12-2
Added Pin To Net: NetName=3V3 Pin=R3-2
Added Pin To Net: NetName=3V3 Pin=U1-2
Added Pin To Net: NetName=3V3 Pin=U3-5
Added Net: Name=3V3
Added Pin To Net: NetName=5V Pin=C11-2
Added Pin To Net: NetName=5V Pin=F1-1
Added Pin To Net: NetName=5V Pin=J1-A4_B9
Added Pin To Net: NetName=5V Pin=J1-B4_A9
Added Pin To Net: NetName=5V Pin=TP_1-1
Added Pin To Net: NetName=5V Pin=U3-1
Added Pin To Net: NetName=5V Pin=U3-3
Added Net: Name=5V
Added Pin To Net: NetName=DTR Pin=Q2-2
Added Pin To Net: NetName=DTR Pin=R10-2
Added Pin To Net: NetName=DTR Pin=U2-18
Added Net: Name=DTR
Added Pin To Net: NetName=EN Pin=C5-2
Added Pin To Net: NetName=EN Pin=Q1-3
Added Pin To Net: NetName=EN Pin=R2-1
Added Pin To Net: NetName=EN Pin=R3-1
Added Pin To Net: NetName=EN Pin=U1-3
Added Net: Name=EN
Added Pin To Net: NetName=GND Pin=C1-1
Added Pin To Net: NetName=GND Pin=C2-1
Added Pin To Net: NetName=GND Pin=C3-2
Added Pin To Net: NetName=GND Pin=C4-2
Added Pin To Net: NetName=GND Pin=C5-1
Added Pin To Net: NetName=GND Pin=C6-1
Added Pin To Net: NetName=GND Pin=C7-1
Added Pin To Net: NetName=GND Pin=C8-1
Added Pin To Net: NetName=GND Pin=C9-1
Added Pin To Net: NetName=GND Pin=C10-1
Added Pin To Net: NetName=GND Pin=C11-1
Added Pin To Net: NetName=GND Pin=C12-1
Added Pin To Net: NetName=GND Pin=J1-A1_B12
Added Pin To Net: NetName=GND Pin=J1-B1_A12
Added Pin To Net: NetName=GND Pin=R6-1
Added Pin To Net: NetName=GND Pin=R7-1
Added Pin To Net: NetName=GND Pin=SW1-1
Added Pin To Net: NetName=GND Pin=SW1-1
Added Pin To Net: NetName=GND Pin=SW2-1
Added Pin To Net: NetName=GND Pin=SW2-1
Added Pin To Net: NetName=GND Pin=U1-1
Added Pin To Net: NetName=GND Pin=U2-3
Added Pin To Net: NetName=GND Pin=U2-13
Added Pin To Net: NetName=GND Pin=U2-21
Added Pin To Net: NetName=GND Pin=U3-2
Added Net: Name=GND
Added Pin To Net: NetName=IO0 Pin=Q2-3
Added Pin To Net: NetName=IO0 Pin=R1-1
Added Pin To Net: NetName=IO0 Pin=U1-25
Added Net: Name=IO0
Added Pin To Net: NetName=NetC3_1 Pin=C3-1
Added Pin To Net: NetName=NetC3_1 Pin=R1-2
Added Pin To Net: NetName=NetC3_1 Pin=SW1-2
Added Pin To Net: NetName=NetC3_1 Pin=SW1-2
Added Net: Name=NetC3_1
Added Pin To Net: NetName=NetC4_1 Pin=C4-1
Added Pin To Net: NetName=NetC4_1 Pin=R2-2
Added Pin To Net: NetName=NetC4_1 Pin=SW2-2
Added Pin To Net: NetName=NetC4_1 Pin=SW2-2
Added Net: Name=NetC4_1
Added Pin To Net: NetName=NetC6_2 Pin=C6-2
Added Pin To Net: NetName=NetC6_2 Pin=C7-2
Added Pin To Net: NetName=NetC6_2 Pin=F1-2
Added Pin To Net: NetName=NetC6_2 Pin=U2-12
Added Net: Name=NetC6_2
Added Pin To Net: NetName=NetC8_2 Pin=C8-2
Added Pin To Net: NetName=NetC8_2 Pin=U2-10
Added Pin To Net: NetName=NetC8_2 Pin=U2-11
Added Pin To Net: NetName=NetC8_2 Pin=U2-20
Added Net: Name=NetC8_2
Added Pin To Net: NetName=NetJ1_A5 Pin=J1-A5
Added Pin To Net: NetName=NetJ1_A5 Pin=R7-2
Added Net: Name=NetJ1_A5
Added Pin To Net: NetName=NetJ1_B5 Pin=J1-B5
Added Pin To Net: NetName=NetJ1_B5 Pin=R6-2
Added Net: Name=NetJ1_B5
Added Pin To Net: NetName=NetQ1_1 Pin=Q1-1
Added Pin To Net: NetName=NetQ1_1 Pin=R10-1
Added Net: Name=NetQ1_1
Added Pin To Net: NetName=NetQ2_1 Pin=Q2-1
Added Pin To Net: NetName=NetQ2_1 Pin=R11-1
Added Net: Name=NetQ2_1
Added Pin To Net: NetName=NetR8_2 Pin=R8-2
Added Pin To Net: NetName=NetR8_2 Pin=U2-8
Added Net: Name=NetR8_2
Added Pin To Net: NetName=NetR9_2 Pin=R9-2
Added Pin To Net: NetName=NetR9_2 Pin=U2-9
Added Net: Name=NetR9_2
Added Pin To Net: NetName=RTS Pin=Q1-2
Added Pin To Net: NetName=RTS Pin=R11-2
Added Pin To Net: NetName=RTS Pin=U2-19
Added Net: Name=RTS
Added Pin To Net: NetName=RXD0 Pin=R4-1
Added Pin To Net: NetName=RXD0 Pin=U1-34
Added Net: Name=RXD0
Added Pin To Net: NetName=RXD Pin=R5-2
Added Pin To Net: NetName=RXD Pin=U2-1
Added Net: Name=RXD
Added Pin To Net: NetName=TXD0 Pin=R5-1
Added Pin To Net: NetName=TXD0 Pin=U1-35
Added Net: Name=TXD0
Added Pin To Net: NetName=TXD Pin=R4-2
Added Pin To Net: NetName=TXD Pin=U2-17
Added Net: Name=TXD
Added Pin To Net: NetName=USB_N Pin=C9-2
Added Pin To Net: NetName=USB_N Pin=J1-A7
Added Pin To Net: NetName=USB_N Pin=J1-B7
Added Pin To Net: NetName=USB_N Pin=R9-1
Added Net: Name=USB_N
Added Pin To Net: NetName=USB_P Pin=C10-2
Added Pin To Net: NetName=USB_P Pin=J1-A6
Added Pin To Net: NetName=USB_P Pin=J1-B6
Added Pin To Net: NetName=USB_P Pin=R8-1
Added Net: Name=USB_P
Added Differential Pair: Name=USB
Added Member To Class: ClassName=schematic Member=Component C1 passive_5
Added Member To Class: ClassName=schematic Member=Component C2 passive_5
Added Member To Class: ClassName=schematic Member=Component C3 passive_5
Added Member To Class: ClassName=schematic Member=Component C4 passive_5
Added Member To Class: ClassName=schematic Member=Component C5 passive_5
Added Member To Class: ClassName=schematic Member=Component C6 passive_5
Added Member To Class: ClassName=schematic Member=Component C7 passive_5
Added Member To Class: ClassName=schematic Member=Component C8 passive_5
Added Member To Class: ClassName=schematic Member=Component C9 passive_5
Added Member To Class: ClassName=schematic Member=Component C10 passive_5
Added Member To Class: ClassName=schematic Member=Component C11 passive_5
Added Member To Class: ClassName=schematic Member=Component C12 passive_5
Added Member To Class: ClassName=schematic Member=Component F1 passive_8
Added Member To Class: ClassName=schematic Member=Component J1 USB 2.0
Added Member To Class: ClassName=schematic Member=Component Q1 transistor_7
Added Member To Class: ClassName=schematic Member=Component Q2 transistor_7
Added Member To Class: ClassName=schematic Member=Component R1 passive_2
Added Member To Class: ClassName=schematic Member=Component R2 passive_2
Added Member To Class: ClassName=schematic Member=Component R3 passive_2
Added Member To Class: ClassName=schematic Member=Component R4 passive_2
Added Member To Class: ClassName=schematic Member=Component R5 passive_2
Added Member To Class: ClassName=schematic Member=Component R6 passive_2
Added Member To Class: ClassName=schematic Member=Component R7 passive_2
Added Member To Class: ClassName=schematic Member=Component R8 passive_2
Added Member To Class: ClassName=schematic Member=Component R9 passive_2
Added Member To Class: ClassName=schematic Member=Component R10 passive_2
Added Member To Class: ClassName=schematic Member=Component R11 passive_2
Added Member To Class: ClassName=schematic Member=Component SW1 sensor_3
Added Member To Class: ClassName=schematic Member=Component SW2 sensor_3
Added Member To Class: ClassName=schematic Member=Component TP_1 misc_3
Added Member To Class: ClassName=schematic Member=Component U1 cpu_7
Added Member To Class: ClassName=schematic Member=Component U3 regulator_1
