Change Component Designator: OldDesignator=C1 NewDesignator=C6
Change Component Designator: OldDesignator=C2 NewDesignator=C7
Change Component Designator: OldDesignator=C3 NewDesignator=C8
Change Component Designator: OldDesignator=C4 NewDesignator=C9
Change Component Designator: OldDesignator=C5 NewDesignator=C10
Change Component Designator: OldDesignator=C6 NewDesignator=C14
Change Component Designator: OldDesignator=C7 NewDesignator=C15
Change Component Designator: OldDesignator=C8 NewDesignator=C16
Change Component Designator: OldDesignator=C9 NewDesignator=C17
Change Component Designator: OldDesignator=C10 NewDesignator=C18
Change Component Designator: OldDesignator=C11 NewDesignator=C19
Change Component Designator: OldDesignator=C12 NewDesignator=C20
Change Component Designator: OldDesignator=C13 NewDesignator=C4
Change Component Designator: OldDesignator=C14 NewDesignator=C1
Change Component Designator: OldDesignator=C15 NewDesignator=C2
Change Component Designator: OldDesignator=C16 NewDesignator=C3
Change Component Designator: OldDesignator=C17 NewDesignator=C5
Change Component Designator: OldDesignator=C18 NewDesignator=C11
Change Component Designator: OldDesignator=C19 NewDesignator=C12
Change Component Designator: OldDesignator=C20 NewDesignator=C13
Change Component Designator: OldDesignator=J1 NewDesignator=J5
Change Component Designator: OldDesignator=J2 NewDesignator=J4
Change Component Designator: OldDesignator=Q1 NewDesignator=Q2
Change Component Designator: OldDesignator=Q2 NewDesignator=Q3
Change Component Designator: OldDesignator=Q3 NewDesignator=Q1
Change Component Designator: OldDesignator=R1 NewDesignator=R5
Change Component Designator: OldDesignator=R2 NewDesignator=R6
Change Component Designator: OldDesignator=R3 NewDesignator=R7
Change Component Designator: OldDesignator=R4 NewDesignator=R8
Change Component Designator: OldDesignator=R5 NewDesignator=R9
Change Component Designator: OldDesignator=R6 NewDesignator=R10
Change Component Designator: OldDesignator=R7 NewDesignator=R11
Change Component Designator: OldDesignator=R8 NewDesignator=R12
Change Component Designator: OldDesignator=R9 NewDesignator=R13
Change Component Designator: OldDesignator=R10 NewDesignator=R14
Change Component Designator: OldDesignator=R11 NewDesignator=R15
Change Component Designator: OldDesignator=R12 NewDesignator=R1
Change Component Designator: OldDesignator=R13 NewDesignator=R2
Change Component Designator: OldDesignator=R14 NewDesignator=R3
Change Component Designator: OldDesignator=R15 NewDesignator=R4
Change Component Designator: OldDesignator=U1 NewDesignator=U2
Change Component Designator: OldDesignator=U2 NewDesignator=U4
Change Component Designator: OldDesignator=U3 NewDesignator=U8
Change Component Designator: OldDesignator=U4 NewDesignator=U5
Change Component Designator: OldDesignator=U5 NewDesignator=U6
Change Component Designator: OldDesignator=U6 NewDesignator=U7
Change Component Designator: OldDesignator=U7 NewDesignator=U1
Change Component Designator: OldDesignator=U8 NewDesignator=U3
Added Component: Designator=J1(9159 edge connector)
Add component (AddParameter): Name = "ComponentLink1Description"; Value = "link"; VariantName = "[No Variations]"
Add component (AddParameter): Name = "ComponentLink1URL"; Value = "https://www.digikey.no/en/products/detail/kyocera-avx/009159012651906/15995075"; VariantName = "[No Variations]"
Add component (AddParameter): Name = "Manufacturer 1"; Value = ""; VariantName = "[No Variations]"
Add component (AddParameter): Name = "Manufacturer Part Number 1"; Value = ""; VariantName = "[No Variations]"
Add component (AddParameter): Name = "Supplier 1"; Value = ""; VariantName = "[No Variations]"
Add component (AddParameter): Name = "Supplier Part Number 1"; Value = ""; VariantName = "[No Variations]"
Added Component: Designator=J2(9159 edge connector)
Add component (AddParameter): Name = "ComponentLink1Description"; Value = "link"; VariantName = "[No Variations]"
Add component (AddParameter): Name = "ComponentLink1URL"; Value = "https://www.digikey.no/en/products/detail/kyocera-avx/009159012651906/15995075"; VariantName = "[No Variations]"
Add component (AddParameter): Name = "Manufacturer 1"; Value = ""; VariantName = "[No Variations]"
Add component (AddParameter): Name = "Manufacturer Part Number 1"; Value = ""; VariantName = "[No Variations]"
Add component (AddParameter): Name = "Supplier 1"; Value = ""; VariantName = "[No Variations]"
Add component (AddParameter): Name = "Supplier Part Number 1"; Value = ""; VariantName = "[No Variations]"
Added Component: Designator=J3(9159 edge connector)
Add component (AddParameter): Name = "ComponentLink1Description"; Value = "link"; VariantName = "[No Variations]"
Add component (AddParameter): Name = "ComponentLink1URL"; Value = "https://www.digikey.no/en/products/detail/kyocera-avx/009159012651906/15995075"; VariantName = "[No Variations]"
Add component (AddParameter): Name = "Manufacturer 1"; Value = ""; VariantName = "[No Variations]"
Add component (AddParameter): Name = "Manufacturer Part Number 1"; Value = ""; VariantName = "[No Variations]"
Add component (AddParameter): Name = "Supplier 1"; Value = ""; VariantName = "[No Variations]"
Add component (AddParameter): Name = "Supplier Part Number 1"; Value = ""; VariantName = "[No Variations]"
Added Pin To Net: NetName=12V Pin=U5-25
Added Pin To Net: NetName=12V Pin=U6-25
Added Pin To Net: NetName=12V Pin=U7-25
Change Net Name : Old Net Name=NetC3_1 New Net Name=NetC8_1
Change Net Name : Old Net Name=NetC4_1 New Net Name=NetC9_1
Change Net Name : Old Net Name=NetC6_2 New Net Name=NetC14_2
Change Net Name : Old Net Name=NetC8_2 New Net Name=NetC16_2
Change Net Name : Old Net Name=NetC16_2 New Net Name=NetC3_2
Change Net Name : Old Net Name=NetJ1_A5 New Net Name=NetJ5_A5
Change Net Name : Old Net Name=NetJ1_B5 New Net Name=NetJ5_B5
Change Net Name : Old Net Name=NetQ1_1 New Net Name=NetQ2_1
Change Net Name : Old Net Name=NetQ2_1 New Net Name=NetQ3_1
Change Net Name : Old Net Name=NetQ3_1 New Net Name=NetQ1_1
Change Net Name : Old Net Name=NetQ3_3 New Net Name=NetQ1_3
Change Net Name : Old Net Name=NetR6_2 New Net Name=NetR10_2
Change Net Name : Old Net Name=NetR7_2 New Net Name=NetR11_2
Change Net Name : Old Net Name=NetR8_2 New Net Name=NetR12_2
Change Net Name : Old Net Name=NetR9_2 New Net Name=NetR13_2
Change Net Name : Old Net Name=NetR12_1 New Net Name=NetR1_1
Change Net Name : Old Net Name=NetR13_1 New Net Name=NetR2_1
Change Net Name : Old Net Name=NetU4_18 New Net Name=NetU5_18
Change Net Name : Old Net Name=NetU5_18 New Net Name=NetU6_18
Added Pin To Net: NetName=3V3_SHIFT_BL Pin=U3-11
Added Net: Name=3V3_SHIFT_BL
Added Pin To Net: NetName=3V3_SHIFT_CLK Pin=U3-5
Added Net: Name=3V3_SHIFT_CLK
Added Pin To Net: NetName=3V3_SHIFT_DATA Pin=U3-3
Added Net: Name=3V3_SHIFT_DATA
Added Pin To Net: NetName=3V3_SHIFT_LE Pin=U3-9
Added Net: Name=3V3_SHIFT_LE
Added Pin To Net: NetName=3V3_SHIFT_POL Pin=U3-7
Added Net: Name=3V3_SHIFT_POL
Added Pin To Net: NetName=12V_SHIFT_BL Pin=U3-12
Added Pin To Net: NetName=12V_SHIFT_BL Pin=U5-28
Added Pin To Net: NetName=12V_SHIFT_BL Pin=U6-28
Added Pin To Net: NetName=12V_SHIFT_BL Pin=U7-28
Added Net: Name=12V_SHIFT_BL
Added Pin To Net: NetName=12V_SHIFT_CLK Pin=U3-4
Added Pin To Net: NetName=12V_SHIFT_CLK Pin=U5-23
Added Pin To Net: NetName=12V_SHIFT_CLK Pin=U6-23
Added Pin To Net: NetName=12V_SHIFT_CLK Pin=U7-23
Added Net: Name=12V_SHIFT_CLK
Added Pin To Net: NetName=12V_SHIFT_DATA Pin=U3-2
Added Pin To Net: NetName=12V_SHIFT_DATA Pin=U5-27
Added Net: Name=12V_SHIFT_DATA
Added Pin To Net: NetName=12V_SHIFT_LE Pin=U3-10
Added Pin To Net: NetName=12V_SHIFT_LE Pin=U5-26
Added Pin To Net: NetName=12V_SHIFT_LE Pin=U6-26
Added Pin To Net: NetName=12V_SHIFT_LE Pin=U7-26
Added Net: Name=12V_SHIFT_LE
Added Pin To Net: NetName=12V_SHIFT_POL Pin=U3-6
Added Pin To Net: NetName=12V_SHIFT_POL Pin=U5-22
Added Pin To Net: NetName=12V_SHIFT_POL Pin=U6-22
Added Pin To Net: NetName=12V_SHIFT_POL Pin=U7-22
Added Net: Name=12V_SHIFT_POL
Added Member To Class: ClassName=schematic Member=Component J3 Header 2mm
Added Member To Class: ClassName=schematic Member=Component J4 dc-jack
Added Member To Class: ClassName=schematic Member=Component J5 USB 2.0
